<?xml version="1.0" encoding="UTF-8"?>
<!-- Generated by org.testng.reporters.JUnitReportReporter -->
<testsuite hostname="Pushpak-PC" name="com.phptravels.testCases.Login" tests="3" failures="0" timestamp="19 Mar 2017 14:26:52 GMT" time="12.499" errors="0">
  <testcase name="browseToUrl" time="6.822" classname="com.phptravels.testCases.Login"/>
  <testcase name="loginToApplication" time="3.673" classname="com.phptravels.testCases.Login"/>
  <testcase name="logout" time="2.004" classname="com.phptravels.testCases.Login"/>
</testsuite> <!-- com.phptravels.testCases.Login -->
