<?xml version="1.0" encoding="UTF-8"?>
<!-- Generated by org.testng.reporters.JUnitReportReporter -->
<testsuite hostname="Pushpak-PC" name="com.phptravels.testCases.Login" tests="2" failures="0" timestamp="19 Mar 2017 11:17:09 GMT" time="9.997" errors="0">
  <testcase name="browseToUrl" time="8.559" classname="com.phptravels.testCases.Login"/>
  <testcase name="loginToApplication" time="1.438" classname="com.phptravels.testCases.Login"/>
</testsuite> <!-- com.phptravels.testCases.Login -->
