<?xml version="1.0" encoding="UTF-8"?>
<!-- Generated by org.testng.reporters.JUnitReportReporter -->
<testsuite hostname="Pushpak-PC" name="com.phptravels.testCases.Login" tests="2" failures="0" timestamp="23 Mar 2017 07:50:38 GMT" time="14.387" errors="0">
  <testcase name="loginToApplication" time="5.429" classname="com.phptravels.testCases.Login"/>
  <testcase name="browseToUrl" time="8.958" classname="com.phptravels.testCases.Login"/>
</testsuite> <!-- com.phptravels.testCases.Login -->
