<?xml version="1.0" encoding="UTF-8"?>
<!-- Generated by org.testng.reporters.JUnitReportReporter -->
<testsuite hostname="Pushpak-PC" name="com.phptravels.testCases.Login" tests="2" failures="0" timestamp="19 Mar 2017 11:29:12 GMT" time="7.201" errors="0">
  <testcase name="browseToUrl" time="5.879" classname="com.phptravels.testCases.Login"/>
  <testcase name="loginToApplication" time="1.322" classname="com.phptravels.testCases.Login"/>
</testsuite> <!-- com.phptravels.testCases.Login -->
